<?xml version="1.0" encoding="UTF-8"?>
<testsuite xmlns:xsi="http://www.w3.org/2001/XMLSchema-instance" xsi:noNamespaceSchemaLocation="https://maven.apache.org/surefire/maven-surefire-plugin/xsd/surefire-test-report-3.0.xsd" version="3.0" name="com.hemanth.springboot3quickstart.SpringBoot3QuickStartApplicationTests" time="3.21" tests="1" errors="0" skipped="0" failures="0">
  <properties>
[...]
</properties>
  <testcase name="contextLoads" classname="com.hemanth.springboot3quickstart.SpringBoot3QuickStartApplicationTests" time="0.743">
    <system-out><![CDATA[15:58:49.195 [main] INFO org.springframework.test.context.support.AnnotationConfigContextLoaderUtils -- Could not detect default configuration classes for test class [com.hemanth.springboot3quickstart.SpringBoot3QuickStartApplicationTests]: SpringBoot3QuickStartApplicationTests does not declare any static, non-private, non-final, nested classes annotated with @Configuration.
15:58:49.265 [main] INFO org.springframework.boot.test.context.SpringBootTestContextBootstrapper -- Found @SpringBootConfiguration com.hemanth.springboot3quickstart.SpringBoot3QuickStartApplication for test class com.hemanth.springboot3quickstart.SpringBoot3QuickStartApplicationTests

  .   ____          _            __ _ _
 /\\ / ___'_ __ _ _(_)_ __  __ _ \ \ \ \
( ( )\___ | '_ | '_| | '_ \/ _` | \ \ \ \
 \\/  ___)| |_)| | | | | || (_| |  ) ) ) )
  '  |____| .__|_| |_|_| |_\__, | / / / /
 =========|_|==============|___/=/_/_/_/
 :: Spring Boot ::                (v3.1.3)

2023-09-17T15:58:49.588+05:30  INFO 20468 --- [           main] .s.SpringBoot3QuickStartApplicationTests : Starting SpringBoot3QuickStartApplicationTests using Java 17.0.8.1 with PID 20468 (started by Hemanth in C:\Users\Hemanth\Downloads\Java\Spring\01-Spring-Boot-Overview\04-Spring-Boot-Actuator-Security-Demo)
2023-09-17T15:58:49.589+05:30  INFO 20468 --- [           main] .s.SpringBoot3QuickStartApplicationTests : No active profile set, falling back to 1 default profile: "default"
2023-09-17T15:58:51.178+05:30  WARN 20468 --- [           main] .s.s.UserDetailsServiceAutoConfiguration : 

Using generated security password: 7d1d2709-ec68-45d9-b7b9-87c43994b332

This generated password is for development use only. Your security configuration must be updated before running your application in production.

2023-09-17T15:58:51.360+05:30  INFO 20468 --- [           main] o.s.b.a.e.web.EndpointLinksResolver      : Exposing 13 endpoint(s) beneath base path '/actuator'
2023-09-17T15:58:51.375+05:30  INFO 20468 --- [           main] o.s.s.web.DefaultSecurityFilterChain     : Will secure any request with [org.springframework.security.web.session.DisableEncodeUrlFilter@cdb3c85, org.springframework.security.web.context.request.async.WebAsyncManagerIntegrationFilter@37606fee, org.springframework.security.web.context.SecurityContextHolderFilter@3b088163, org.springframework.security.web.header.HeaderWriterFilter@3fde2209, org.springframework.web.filter.CorsFilter@33d28f0a, org.springframework.security.web.csrf.CsrfFilter@52abed9d, org.springframework.security.web.authentication.logout.LogoutFilter@4c18516, org.springframework.security.web.authentication.UsernamePasswordAuthenticationFilter@2f2e4bde, org.springframework.security.web.authentication.ui.DefaultLoginPageGeneratingFilter@6f38f084, org.springframework.security.web.authentication.ui.DefaultLogoutPageGeneratingFilter@48d739f, org.springframework.security.web.authentication.www.BasicAuthenticationFilter@1595d2b2, org.springframework.security.web.savedrequest.RequestCacheAwareFilter@611d0763, org.springframework.security.web.servletapi.SecurityContextHolderAwareRequestFilter@2322e56f, org.springframework.security.web.authentication.AnonymousAuthenticationFilter@51e7589f, org.springframework.security.web.access.ExceptionTranslationFilter@4f114b, org.springframework.security.web.access.intercept.AuthorizationFilter@5d194314]
2023-09-17T15:58:51.471+05:30  INFO 20468 --- [           main] .s.SpringBoot3QuickStartApplicationTests : Started SpringBoot3QuickStartApplicationTests in 2.086 seconds (process running for 2.786)
]]></system-out>
  </testcase>
</testsuite>